[INFO] Scanning for projects...
[INFO] 
[INFO] ----------------< com.floodrescue:flood-rescue-system >-----------------
[INFO] Building flood-rescue-system 0.0.1-SNAPSHOT
[INFO]   from pom.xml
[INFO] --------------------------------[ jar ]---------------------------------
[INFO] 
[INFO] >>> spring-boot:3.3.2:run (default-cli) > test-compile @ flood-rescue-system >>>
[INFO] 
[INFO] --- resources:3.3.1:resources (default-resources) @ flood-rescue-system ---
[INFO] Copying 1 resource from src\main\resources to target\classes
[INFO] Copying 0 resource from src\main\resources to target\classes
[INFO] 
[INFO] --- compiler:3.13.0:compile (default-compile) @ flood-rescue-system ---
[INFO] Nothing to compile - all classes are up to date.
[INFO] 
[INFO] --- resources:3.3.1:testResources (default-testResources) @ flood-rescue-system ---
[INFO] Copying 1 resource from src\test\resources to target\test-classes
[INFO] 
[INFO] --- compiler:3.13.0:testCompile (default-testCompile) @ flood-rescue-system ---
[INFO] Nothing to compile - all classes are up to date.
[INFO] 
[INFO] <<< spring-boot:3.3.2:run (default-cli) < test-compile @ flood-rescue-system <<<
[INFO] 
[INFO] 
[INFO] --- spring-boot:3.3.2:run (default-cli) @ flood-rescue-system ---
[INFO] Attaching agents: []

  .   ____          _            __ _ _
 /\\ / ___'_ __ _ _(_)_ __  __ _ \ \ \ \
( ( )\___ | '_ | '_| | '_ \/ _` | \ \ \ \
 \\/  ___)| |_)| | | | | || (_| |  ) ) ) )
  '  |____| .__|_| |_|_| |_\__, | / / / /
 =========|_|==============|___/=/_/_/_/

 :: Spring Boot ::                (v3.3.2)

2026-05-17T16:36:37.002+07:00  INFO 4868 --- [flood-rescue-system] [           main] c.f.f.FloodRescueSystemApplication       : Starting FloodRescueSystemApplication using Java 21.0.10 with PID 4868 (C:\Users\nam41\Desktop\Flood_Rescue_Coordination_and_Relief_Management_System\server\target\classes started by nam41 in C:\Users\nam41\Desktop\Flood_Rescue_Coordination_and_Relief_Management_System\server)
2026-05-17T16:36:37.006+07:00  INFO 4868 --- [flood-rescue-system] [           main] c.f.f.FloodRescueSystemApplication       : No active profile set, falling back to 1 default profile: "default"
2026-05-17T16:36:46.992+07:00  INFO 4868 --- [flood-rescue-system] [           main] .s.d.r.c.RepositoryConfigurationDelegate : Multiple Spring Data modules found, entering strict repository configuration mode
2026-05-17T16:36:47.000+07:00  INFO 4868 --- [flood-rescue-system] [           main] .s.d.r.c.RepositoryConfigurationDelegate : Bootstrapping Spring Data JPA repositories in DEFAULT mode.
2026-05-17T16:36:47.961+07:00  INFO 4868 --- [flood-rescue-system] [           main] .s.d.r.c.RepositoryConfigurationDelegate : Finished Spring Data repository scanning in 916 ms. Found 11 JPA repository interfaces.
2026-05-17T16:36:48.164+07:00  INFO 4868 --- [flood-rescue-system] [           main] .s.d.r.c.RepositoryConfigurationDelegate : Multiple Spring Data modules found, entering strict repository configuration mode
2026-05-17T16:36:48.171+07:00  INFO 4868 --- [flood-rescue-system] [           main] .s.d.r.c.RepositoryConfigurationDelegate : Bootstrapping Spring Data Redis repositories in DEFAULT mode.
2026-05-17T16:36:48.257+07:00  INFO 4868 --- [flood-rescue-system] [           main] .RepositoryConfigurationExtensionSupport : Spring Data Redis - Could not safely identify store assignment for repository candidate interface com.floodrescue.floodrescuesystem.repository.FloodAlertRepository; If you want this repository to be a Redis repository, consider annotating your entities with one of these annotations: org.springframework.data.redis.core.RedisHash (preferred), or consider extending one of the following types with your repository: org.springframework.data.keyvalue.repository.KeyValueRepository
2026-05-17T16:36:48.259+07:00  INFO 4868 --- [flood-rescue-system] [           main] .RepositoryConfigurationExtensionSupport : Spring Data Redis - Could not safely identify store assignment for repository candidate interface com.floodrescue.floodrescuesystem.repository.NotificationRepository; If you want this repository to be a Redis repository, consider annotating your entities with one of these annotations: org.springframework.data.redis.core.RedisHash (preferred), or consider extending one of the following types with your repository: org.springframework.data.keyvalue.repository.KeyValueRepository
2026-05-17T16:36:48.261+07:00  INFO 4868 --- [flood-rescue-system] [           main] .RepositoryConfigurationExtensionSupport : Spring Data Redis - Could not safely identify store assignment for repository candidate interface com.floodrescue.floodrescuesystem.repository.RefreshTokenRepository; If you want this repository to be a Redis repository, consider annotating your entities with one of these annotations: org.springframework.data.redis.core.RedisHash (preferred), or consider extending one of the following types with your repository: org.springframework.data.keyvalue.repository.KeyValueRepository
2026-05-17T16:36:48.261+07:00  INFO 4868 --- [flood-rescue-system] [           main] .RepositoryConfigurationExtensionSupport : Spring Data Redis - Could not safely identify store assignment for repository candidate interface com.floodrescue.floodrescuesystem.repository.ReliefDistributionRepository; If you want this repository to be a Redis repository, consider annotating your entities with one of these annotations: org.springframework.data.redis.core.RedisHash (preferred), or consider extending one of the following types with your repository: org.springframework.data.keyvalue.repository.KeyValueRepository
2026-05-17T16:36:48.263+07:00  INFO 4868 --- [flood-rescue-system] [           main] .RepositoryConfigurationExtensionSupport : Spring Data Redis - Could not safely identify store assignment for repository candidate interface com.floodrescue.floodrescuesystem.repository.ReliefItemRepository; If you want this repository to be a Redis repository, consider annotating your entities with one of these annotations: org.springframework.data.redis.core.RedisHash (preferred), or consider extending one of the following types with your repository: org.springframework.data.keyvalue.repository.KeyValueRepository
2026-05-17T16:36:48.263+07:00  INFO 4868 --- [flood-rescue-system] [           main] .RepositoryConfigurationExtensionSupport : Spring Data Redis - Could not safely identify store assignment for repository candidate interface com.floodrescue.floodrescuesystem.repository.RescueRequestRepository; If you want this repository to be a Redis repository, consider annotating your entities with one of these annotations: org.springframework.data.redis.core.RedisHash (preferred), or consider extending one of the following types with your repository: org.springframework.data.keyvalue.repository.KeyValueRepository
2026-05-17T16:36:48.265+07:00  INFO 4868 --- [flood-rescue-system] [           main] .RepositoryConfigurationExtensionSupport : Spring Data Redis - Could not safely identify store assignment for repository candidate interface com.floodrescue.floodrescuesystem.repository.RescueTeamRepository; If you want this repository to be a Redis repository, consider annotating your entities with one of these annotations: org.springframework.data.redis.core.RedisHash (preferred), or consider extending one of the following types with your repository: org.springframework.data.keyvalue.repository.KeyValueRepository
2026-05-17T16:36:48.265+07:00  INFO 4868 --- [flood-rescue-system] [           main] .RepositoryConfigurationExtensionSupport : Spring Data Redis - Could not safely identify store assignment for repository candidate interface com.floodrescue.floodrescuesystem.repository.RescueVehicleRepository; If you want this repository to be a Redis repository, consider annotating your entities with one of these annotations: org.springframework.data.redis.core.RedisHash (preferred), or consider extending one of the following types with your repository: org.springframework.data.keyvalue.repository.KeyValueRepository
2026-05-17T16:36:48.265+07:00  INFO 4868 --- [flood-rescue-system] [           main] .RepositoryConfigurationExtensionSupport : Spring Data Redis - Could not safely identify store assignment for repository candidate interface com.floodrescue.floodrescuesystem.repository.RoleRepository; If you want this repository to be a Redis repository, consider annotating your entities with one of these annotations: org.springframework.data.redis.core.RedisHash (preferred), or consider extending one of the following types with your repository: org.springframework.data.keyvalue.repository.KeyValueRepository
2026-05-17T16:36:48.265+07:00  INFO 4868 --- [flood-rescue-system] [           main] .RepositoryConfigurationExtensionSupport : Spring Data Redis - Could not safely identify store assignment for repository candidate interface com.floodrescue.floodrescuesystem.repository.ShelterRepository; If you want this repository to be a Redis repository, consider annotating your entities with one of these annotations: org.springframework.data.redis.core.RedisHash (preferred), or consider extending one of the following types with your repository: org.springframework.data.keyvalue.repository.KeyValueRepository
2026-05-17T16:36:48.267+07:00  INFO 4868 --- [flood-rescue-system] [           main] .RepositoryConfigurationExtensionSupport : Spring Data Redis - Could not safely identify store assignment for repository candidate interface com.floodrescue.floodrescuesystem.repository.UserRepository; If you want this repository to be a Redis repository, consider annotating your entities with one of these annotations: org.springframework.data.redis.core.RedisHash (preferred), or consider extending one of the following types with your repository: org.springframework.data.keyvalue.repository.KeyValueRepository
2026-05-17T16:36:48.267+07:00  INFO 4868 --- [flood-rescue-system] [           main] .s.d.r.c.RepositoryConfigurationDelegate : Finished Spring Data repository scanning in 55 ms. Found 0 Redis repository interfaces.
2026-05-17T16:36:51.297+07:00  INFO 4868 --- [flood-rescue-system] [           main] o.s.b.w.embedded.tomcat.TomcatWebServer  : Tomcat initialized with port 8080 (http)
2026-05-17T16:36:51.339+07:00  INFO 4868 --- [flood-rescue-system] [           main] o.apache.catalina.core.StandardService   : Starting service [Tomcat]
2026-05-17T16:36:51.340+07:00  INFO 4868 --- [flood-rescue-system] [           main] o.apache.catalina.core.StandardEngine    : Starting Servlet engine: [Apache Tomcat/10.1.26]
2026-05-17T16:36:51.559+07:00  INFO 4868 --- [flood-rescue-system] [           main] o.a.c.c.C.[Tomcat].[localhost].[/]       : Initializing Spring embedded WebApplicationContext
2026-05-17T16:36:51.563+07:00  INFO 4868 --- [flood-rescue-system] [           main] w.s.c.ServletWebServerApplicationContext : Root WebApplicationContext: initialization completed in 14464 ms
2026-05-17T16:36:52.008+07:00  INFO 4868 --- [flood-rescue-system] [           main] o.hibernate.jpa.internal.util.LogHelper  : HHH000204: Processing PersistenceUnitInfo [name: default]
2026-05-17T16:36:52.156+07:00  INFO 4868 --- [flood-rescue-system] [           main] org.hibernate.Version                    : HHH000412: Hibernate ORM core version 6.5.2.Final
2026-05-17T16:36:52.251+07:00  INFO 4868 --- [flood-rescue-system] [           main] o.h.c.internal.RegionFactoryInitiator    : HHH000026: Second-level cache disabled
2026-05-17T16:36:53.992+07:00  INFO 4868 --- [flood-rescue-system] [           main] o.s.o.j.p.SpringPersistenceUnitInfo      : No LoadTimeWeaver setup: ignoring JPA class transformer
2026-05-17T16:36:54.048+07:00  INFO 4868 --- [flood-rescue-system] [           main] com.zaxxer.hikari.HikariDataSource       : HikariPool-1 - Starting...
2026-05-17T16:36:54.824+07:00  INFO 4868 --- [flood-rescue-system] [           main] com.zaxxer.hikari.pool.HikariPool        : HikariPool-1 - Added connection org.postgresql.jdbc.PgConnection@72f35a31
2026-05-17T16:36:54.829+07:00  INFO 4868 --- [flood-rescue-system] [           main] com.zaxxer.hikari.HikariDataSource       : HikariPool-1 - Start completed.
2026-05-17T16:36:55.061+07:00  WARN 4868 --- [flood-rescue-system] [           main] org.hibernate.orm.deprecation            : HHH90000025: PostgreSQLDialect does not need to be specified explicitly using 'hibernate.dialect' (remove the property setting and it will be selected by default)
2026-05-17T16:37:01.162+07:00  INFO 4868 --- [flood-rescue-system] [           main] o.h.e.t.j.p.i.JtaPlatformInitiator       : HHH000489: No JTA platform available (set 'hibernate.transaction.jta.platform' to enable JTA platform integration)
Hibernate: 
    alter table if exists flood_alerts 
       alter column description set data type TEXT
Hibernate: 
    alter table if exists notifications 
       alter column message set data type TEXT
Hibernate: 
    alter table if exists relief_distributions 
       alter column notes set data type TEXT
Hibernate: 
    alter table if exists relief_items 
       alter column description set data type TEXT
Hibernate: 
    alter table if exists rescue_requests 
       alter column description set data type TEXT
Hibernate: 
    alter table if exists rescue_requests 
       alter column image_url set data type TEXT
Hibernate: 
    alter table if exists rescue_requests 
       alter column notes set data type TEXT
Hibernate: 
    alter table if exists rescue_teams 
       alter column description set data type TEXT
Hibernate: 
    alter table if exists rescue_vehicles 
       alter column notes set data type TEXT
2026-05-17T16:37:01.765+07:00  INFO 4868 --- [flood-rescue-system] [           main] j.LocalContainerEntityManagerFactoryBean : Initialized JPA EntityManagerFactory for persistence unit 'default'
2026-05-17T16:37:11.717+07:00  INFO 4868 --- [flood-rescue-system] [           main] o.s.d.j.r.query.QueryEnhancerFactory     : Hibernate is in classpath; If applicable, HQL parser will be used.
2026-05-17T16:37:17.353+07:00  WARN 4868 --- [flood-rescue-system] [           main] JpaBaseConfiguration$JpaWebConfiguration : spring.jpa.open-in-view is enabled by default. Therefore, database queries may be performed during view rendering. Explicitly configure spring.jpa.open-in-view to disable this warning
2026-05-17T16:37:18.773+07:00  INFO 4868 --- [flood-rescue-system] [           main] eAuthenticationProviderManagerConfigurer : Global AuthenticationManager configured with AuthenticationProvider bean with name authenticationProvider
2026-05-17T16:37:18.819+07:00  WARN 4868 --- [flood-rescue-system] [           main] r$InitializeUserDetailsManagerConfigurer : Global AuthenticationManager configured with an AuthenticationProvider bean. UserDetailsService beans will not be used for username/password login. Consider removing the AuthenticationProvider bean. Alternatively, consider using the UserDetailsService in a manually instantiated DaoAuthenticationProvider.
2026-05-17T16:38:45.106+07:00  INFO 4868 --- [flood-rescue-system] [           main] o.s.b.w.embedded.tomcat.TomcatWebServer  : Tomcat started on port 8080 (http) with context path '/'
2026-05-17T16:38:47.253+07:00  INFO 4868 --- [flood-rescue-system] [           main] c.f.f.FloodRescueSystemApplication       : Started FloodRescueSystemApplication in 131.684 seconds (process running for 133.348)
Hibernate: 
    select
        r1_0.id,
        r1_0.created_at,
        r1_0.description,
        r1_0.name,
        r1_0.updated_at 
    from
        roles r1_0 
    where
        r1_0.name=?
Hibernate: 
    select
        r1_0.id,
        r1_0.created_at,
        r1_0.description,
        r1_0.name,
        r1_0.updated_at 
    from
        roles r1_0 
    where
        r1_0.name=?
Hibernate: 
    select
        r1_0.id,
        r1_0.created_at,
        r1_0.description,
        r1_0.name,
        r1_0.updated_at 
    from
        roles r1_0 
    where
        r1_0.name=?
Hibernate: 
    select
        r1_0.id,
        r1_0.created_at,
        r1_0.description,
        r1_0.name,
        r1_0.updated_at 
    from
        roles r1_0 
    where
        r1_0.name=?
Hibernate: 
    select
        r1_0.id,
        r1_0.created_at,
        r1_0.description,
        r1_0.name,
        r1_0.updated_at 
    from
        roles r1_0 
    where
        r1_0.name=?
Hibernate: 
    select
        u1_0.id,
        u1_0.address,
        u1_0.avatar_url,
        u1_0.created_at,
        u1_0.email,
        u1_0.full_name,
        u1_0.last_login_at,
        u1_0.password_hash,
        u1_0.phone,
        u1_0.role_id,
        u1_0.status,
        u1_0.updated_at,
        u1_0.username 
    from
        users u1_0 
    where
        u1_0.username=?
Hibernate: 
    select
        r1_0.id,
        r1_0.created_at,
        r1_0.description,
        r1_0.name,
        r1_0.updated_at 
    from
        roles r1_0 
    where
        r1_0.id=?
Hibernate: 
    select
        u1_0.id,
        u1_0.address,
        u1_0.avatar_url,
        u1_0.created_at,
        u1_0.email,
        u1_0.full_name,
        u1_0.last_login_at,
        u1_0.password_hash,
        u1_0.phone,
        u1_0.role_id,
        u1_0.status,
        u1_0.updated_at,
        u1_0.username 
    from
        users u1_0 
    where
        u1_0.username=?
Hibernate: 
    select
        r1_0.id,
        r1_0.created_at,
        r1_0.description,
        r1_0.name,
        r1_0.updated_at 
    from
        roles r1_0 
    where
        r1_0.id=?
Ensured flood_alerts table exists.
Altered rescue_requests.image_url to TEXT successfully.
Ensured rescue_teams has latitude/longitude columns.
[INFO] ------------------------------------------------------------------------
[INFO] BUILD FAILURE
[INFO] ------------------------------------------------------------------------
[INFO] Total time:  17:12 min
[INFO] Finished at: 2026-05-17T16:53:34+07:00
[INFO] ------------------------------------------------------------------------
[ERROR] Failed to execute goal org.springframework.boot:spring-boot-maven-plugin:3.3.2:run (default-cli) on project flood-rescue-system: Process terminated with exit code: 1 -> [Help 1]
[ERROR] 
[ERROR] To see the full stack trace of the errors, re-run Maven with the -e switch.
[ERROR] Re-run Maven using the -X switch to enable full debug logging.
[ERROR] 
[ERROR] For more information about the errors and possible solutions, please read the following articles:
[ERROR] [Help 1] http://cwiki.apache.org/confluence/display/MAVEN/MojoExecutionException
